2019-05-05 15:35:03.366  INFO 7872 --- [main] com.springboot.demo.DemoApplication      : Starting DemoApplication on DESKTOP-IFH64UH with PID 7872 (E:\GitHub\demo01\target\classes started by scaf_xs in E:\GitHub\demo01)
2019-05-05 15:35:03.455 DEBUG 7872 --- [main] com.springboot.demo.DemoApplication      : Running with Spring Boot v2.1.1.RELEASE, Spring v5.1.3.RELEASE
2019-05-05 15:35:03.485  INFO 7872 --- [main] com.springboot.demo.DemoApplication      : No active profile set, falling back to default profiles: default
2019-05-05 15:35:07.577  INFO 7872 --- [main] trationDelegate$BeanPostProcessorChecker : Bean 'shiroConfig' of type [com.springboot.demo.commom.config.ShiroConfig$$EnhancerBySpringCGLIB$$2668a8bb] is not eligible for getting processed by all BeanPostProcessors (for example: not eligible for auto-proxying)
2019-05-05 15:35:07.601  INFO 7872 --- [main] trationDelegate$BeanPostProcessorChecker : Bean 'org.springframework.transaction.annotation.ProxyTransactionManagementConfiguration' of type [org.springframework.transaction.annotation.ProxyTransactionManagementConfiguration$$EnhancerBySpringCGLIB$$2155bff4] is not eligible for getting processed by all BeanPostProcessors (for example: not eligible for auto-proxying)
2019-05-05 15:35:08.138  INFO 7872 --- [main] trationDelegate$BeanPostProcessorChecker : Bean 'mybatis-org.mybatis.spring.boot.autoconfigure.MybatisProperties' of type [org.mybatis.spring.boot.autoconfigure.MybatisProperties] is not eligible for getting processed by all BeanPostProcessors (for example: not eligible for auto-proxying)
2019-05-05 15:35:08.165  INFO 7872 --- [main] trationDelegate$BeanPostProcessorChecker : Bean 'org.mybatis.spring.boot.autoconfigure.MybatisAutoConfiguration' of type [org.mybatis.spring.boot.autoconfigure.MybatisAutoConfiguration$$EnhancerBySpringCGLIB$$542a1124] is not eligible for getting processed by all BeanPostProcessors (for example: not eligible for auto-proxying)
2019-05-05 15:35:08.177  INFO 7872 --- [main] trationDelegate$BeanPostProcessorChecker : Bean 'dataSourceConfig' of type [com.springboot.demo.commom.config.DataSourceConfig$$EnhancerBySpringCGLIB$$87f5b531] is not eligible for getting processed by all BeanPostProcessors (for example: not eligible for auto-proxying)
2019-05-05 15:35:08.283  INFO 7872 --- [main] trationDelegate$BeanPostProcessorChecker : Bean 'getDataSource' of type [com.alibaba.druid.pool.DruidDataSource] is not eligible for getting processed by all BeanPostProcessors (for example: not eligible for auto-proxying)
2019-05-05 15:35:08.348  INFO 7872 --- [main] trationDelegate$BeanPostProcessorChecker : Bean 'spring.datasource-org.springframework.boot.autoconfigure.jdbc.DataSourceProperties' of type [org.springframework.boot.autoconfigure.jdbc.DataSourceProperties] is not eligible for getting processed by all BeanPostProcessors (for example: not eligible for auto-proxying)
2019-05-05 15:35:08.363  INFO 7872 --- [main] trationDelegate$BeanPostProcessorChecker : Bean 'org.springframework.boot.autoconfigure.jdbc.DataSourceInitializerInvoker' of type [org.springframework.boot.autoconfigure.jdbc.DataSourceInitializerInvoker] is not eligible for getting processed by all BeanPostProcessors (for example: not eligible for auto-proxying)
2019-05-05 15:35:10.007  INFO 7872 --- [main] trationDelegate$BeanPostProcessorChecker : Bean 'sqlSessionFactory' of type [org.apache.ibatis.session.defaults.DefaultSqlSessionFactory] is not eligible for getting processed by all BeanPostProcessors (for example: not eligible for auto-proxying)
2019-05-05 15:35:10.032  INFO 7872 --- [main] trationDelegate$BeanPostProcessorChecker : Bean 'sqlSessionTemplate' of type [org.mybatis.spring.SqlSessionTemplate] is not eligible for getting processed by all BeanPostProcessors (for example: not eligible for auto-proxying)
2019-05-05 15:35:10.037  INFO 7872 --- [main] trationDelegate$BeanPostProcessorChecker : Bean 'sysUserMapper' of type [org.mybatis.spring.mapper.MapperFactoryBean] is not eligible for getting processed by all BeanPostProcessors (for example: not eligible for auto-proxying)
2019-05-05 15:35:10.050  INFO 7872 --- [main] trationDelegate$BeanPostProcessorChecker : Bean 'sysUserMapper' of type [com.sun.proxy.$Proxy56] is not eligible for getting processed by all BeanPostProcessors (for example: not eligible for auto-proxying)
2019-05-05 15:35:10.056  INFO 7872 --- [main] trationDelegate$BeanPostProcessorChecker : Bean 'sysUserService' of type [com.springboot.demo.sys.service.SysUserService] is not eligible for getting processed by all BeanPostProcessors (for example: not eligible for auto-proxying)
2019-05-05 15:35:10.058  INFO 7872 --- [main] trationDelegate$BeanPostProcessorChecker : Bean 'myshiroRealm' of type [com.springboot.demo.commom.config.MyShiroRealm] is not eligible for getting processed by all BeanPostProcessors (for example: not eligible for auto-proxying)
2019-05-05 15:35:10.071  INFO 7872 --- [main] trationDelegate$BeanPostProcessorChecker : Bean 'securityManager' of type [org.apache.shiro.web.mgt.DefaultWebSecurityManager] is not eligible for getting processed by all BeanPostProcessors (for example: not eligible for auto-proxying)
2019-05-05 15:35:11.064  INFO 7872 --- [main] o.s.b.w.embedded.tomcat.TomcatWebServer  : Tomcat initialized with port(s): 8888 (http)
2019-05-05 15:35:11.118  INFO 7872 --- [main] o.apache.catalina.core.StandardService   : Starting service [Tomcat]
2019-05-05 15:35:11.118  INFO 7872 --- [main] org.apache.catalina.core.StandardEngine  : Starting Servlet Engine: Apache Tomcat/9.0.13
2019-05-05 15:35:11.132  INFO 7872 --- [main] o.a.catalina.core.AprLifecycleListener   : An older version [1.2.14] of the APR based Apache Tomcat Native library is installed, while Tomcat recommends a minimum version of [1.2.18]
2019-05-05 15:35:11.132  INFO 7872 --- [main] o.a.catalina.core.AprLifecycleListener   : Loaded APR based Apache Tomcat Native library [1.2.14] using APR version [1.6.2].
2019-05-05 15:35:11.132  INFO 7872 --- [main] o.a.catalina.core.AprLifecycleListener   : APR capabilities: IPv6 [true], sendfile [true], accept filters [false], random [true].
2019-05-05 15:35:11.133  INFO 7872 --- [main] o.a.catalina.core.AprLifecycleListener   : APR/OpenSSL configuration: useAprConnector [false], useOpenSSL [true]
2019-05-05 15:35:12.211  INFO 7872 --- [main] o.a.catalina.core.AprLifecycleListener   : OpenSSL successfully initialized [OpenSSL 1.0.2l  25 May 2017]
2019-05-05 15:35:12.631  INFO 7872 --- [main] o.a.c.c.C.[Tomcat].[localhost].[/]       : Initializing Spring embedded WebApplicationContext
2019-05-05 15:35:12.631  INFO 7872 --- [main] o.s.web.context.ContextLoader            : Root WebApplicationContext: initialization completed in 8884 ms
2019-05-05 15:35:13.472  INFO 7872 --- [main] o.s.s.concurrent.ThreadPoolTaskExecutor  : Initializing ExecutorService 'applicationTaskExecutor'
2019-05-05 15:35:13.978  INFO 7872 --- [main] o.s.b.a.w.s.WelcomePageHandlerMapping    : Adding welcome page template: index
2019-05-05 15:35:14.416  INFO 7872 --- [main] o.s.b.w.embedded.tomcat.TomcatWebServer  : Tomcat started on port(s): 8888 (http) with context path ''
2019-05-05 15:35:14.425  INFO 7872 --- [main] com.springboot.demo.DemoApplication      : Started DemoApplication in 14.373 seconds (JVM running for 28.714)
2019-05-05 15:35:21.666  INFO 7872 --- [http-nio-8888-exec-1] o.a.c.c.C.[Tomcat].[localhost].[/]       : Initializing Spring DispatcherServlet 'dispatcherServlet'
2019-05-05 15:35:21.667  INFO 7872 --- [http-nio-8888-exec-1] o.s.web.servlet.DispatcherServlet        : Initializing Servlet 'dispatcherServlet'
2019-05-05 15:35:21.699  INFO 7872 --- [http-nio-8888-exec-1] o.s.web.servlet.DispatcherServlet        : Completed initialization in 31 ms
2019-05-05 15:35:25.452  INFO 7872 --- [http-nio-8888-exec-10] com.alibaba.druid.pool.DruidDataSource   : {dataSource-1} inited
2019-05-05 15:35:25.470 DEBUG 7872 --- [http-nio-8888-exec-10] c.s.d.s.m.SysUserMapper.getUserByMap     : ==>  Preparing: SELECT id,name,password,email,lastLoginTime,status,createTime FROM sys_user WHERE name =? AND password=?; 
2019-05-05 15:35:25.828 DEBUG 7872 --- [http-nio-8888-exec-10] c.s.d.s.m.SysUserMapper.getUserByMap     : ==> Parameters: admin(String), 96e79218965eb72c92a549dd5a330112(String)
2019-05-05 15:35:26.108 DEBUG 7872 --- [http-nio-8888-exec-10] c.s.d.s.m.SysUserMapper.getUserByMap     : <==      Total: 1
2019-05-05 15:35:26.274 DEBUG 7872 --- [http-nio-8888-exec-8] c.s.d.s.m.SysUserMapper.getUserByMap     : ==>  Preparing: SELECT id,name,password,email,lastLoginTime,status,createTime FROM sys_user WHERE name =? AND password=?; 
2019-05-05 15:35:26.276 DEBUG 7872 --- [http-nio-8888-exec-8] c.s.d.s.m.SysUserMapper.getUserByMap     : ==> Parameters: admin(String), 96e79218965eb72c92a549dd5a330112(String)
2019-05-05 15:35:26.279 DEBUG 7872 --- [http-nio-8888-exec-8] c.s.d.s.m.SysUserMapper.getUserByMap     : <==      Total: 1
2019-05-05 15:35:28.075 DEBUG 7872 --- [http-nio-8888-exec-9] c.s.d.s.m.SysMenuMapper.getMenusByUser   : ==>  Preparing: select * from sys_menu m where m.`code` in (select rm.menuId from sys_role_menu rm where rm.roleId in (select ur.roleId from sys_user_role ur where ur.userId=?)) order by code; 
2019-05-05 15:35:28.076 DEBUG 7872 --- [http-nio-8888-exec-9] c.s.d.s.m.SysMenuMapper.getMenusByUser   : ==> Parameters: a4dff746b64d4328836ed8eee7f4b82e(String)
2019-05-05 15:35:28.420 DEBUG 7872 --- [http-nio-8888-exec-9] c.s.d.s.m.SysMenuMapper.getMenusByUser   : <==      Total: 6
